27-May-2024 18:21:45.116 INFO [main] org.apache.catalina.core.ApplicationContext.log ContextListener: contextInitialized()
27-May-2024 18:21:45.116 INFO [main] org.apache.catalina.core.ApplicationContext.log SessionListener: contextInitialized()
27-May-2024 18:21:45.116 INFO [main] org.apache.catalina.core.ApplicationContext.log ContextListener: attributeAdded('StockTicker', 'async.Stockticker@4aeaadc1')
27-May-2024 18:21:45.150 INFO [main] org.apache.catalina.core.ApplicationContext.log SessionListener: contextDestroyed()
27-May-2024 18:21:45.150 INFO [main] org.apache.catalina.core.ApplicationContext.log ContextListener: contextDestroyed()
27-May-2024 18:25:15.747 INFO [main] org.apache.catalina.core.ApplicationContext.log ContextListener: contextInitialized()
27-May-2024 18:25:15.747 INFO [main] org.apache.catalina.core.ApplicationContext.log SessionListener: contextInitialized()
27-May-2024 18:25:15.747 INFO [main] org.apache.catalina.core.ApplicationContext.log ContextListener: attributeAdded('StockTicker', 'async.Stockticker@65e7f52a')
27-May-2024 18:25:15.776 INFO [main] org.apache.catalina.core.ApplicationContext.log SessionListener: contextDestroyed()
27-May-2024 18:25:15.776 INFO [main] org.apache.catalina.core.ApplicationContext.log ContextListener: contextDestroyed()
27-May-2024 18:25:32.235 INFO [main] org.apache.catalina.core.ApplicationContext.log ContextListener: contextInitialized()
27-May-2024 18:25:32.235 INFO [main] org.apache.catalina.core.ApplicationContext.log SessionListener: contextInitialized()
27-May-2024 18:25:32.235 INFO [main] org.apache.catalina.core.ApplicationContext.log ContextListener: attributeAdded('StockTicker', 'async.Stockticker@304b9f1a')
27-May-2024 18:57:30.144 INFO [main] org.apache.catalina.core.ApplicationContext.log SessionListener: contextDestroyed()
27-May-2024 18:57:30.144 INFO [main] org.apache.catalina.core.ApplicationContext.log ContextListener: contextDestroyed()
27-May-2024 18:58:10.436 INFO [main] org.apache.catalina.core.ApplicationContext.log ContextListener: contextInitialized()
27-May-2024 18:58:10.437 INFO [main] org.apache.catalina.core.ApplicationContext.log SessionListener: contextInitialized()
27-May-2024 18:58:10.437 INFO [main] org.apache.catalina.core.ApplicationContext.log ContextListener: attributeAdded('StockTicker', 'async.Stockticker@107e5441')
27-May-2024 18:58:55.754 INFO [main] org.apache.catalina.core.ApplicationContext.log SessionListener: contextDestroyed()
27-May-2024 18:58:55.754 INFO [main] org.apache.catalina.core.ApplicationContext.log ContextListener: contextDestroyed()
